<?xml version="1.0" encoding="UTF-8"?>
<testng-results ignored="0" total="2" passed="2" failed="0" skipped="0">
  <reporter-output>
  </reporter-output>
  <suite started-at="2025-12-03T00:51:11 IST" name="Default suite" finished-at="2025-12-03T00:51:22 IST" duration-ms="11445">
    <groups>
    </groups>
    <test started-at="2025-12-03T00:51:11 IST" name="Default test" finished-at="2025-12-03T00:51:22 IST" duration-ms="11445">
      <class name="com.ammroth.tests.CampaignsTest">
        <test-method is-config="true" signature="beforeSuite()[pri:0, instance:com.ammroth.tests.CampaignsTest@2cb4893b]" started-at="2025-12-03T00:51:11 IST" name="beforeSuite" finished-at="2025-12-03T00:51:11 IST" duration-ms="259" status="PASS">
          <reporter-output>
          </reporter-output>
        </test-method> <!-- beforeSuite -->
        <test-method is-config="true" signature="beforeTest()[pri:0, instance:com.ammroth.tests.CampaignsTest@2cb4893b]" started-at="2025-12-03T00:51:11 IST" name="beforeTest" finished-at="2025-12-03T00:51:11 IST" duration-ms="1" status="PASS">
          <reporter-output>
          </reporter-output>
        </test-method> <!-- beforeTest -->
        <test-method is-config="true" signature="beforeClass()[pri:0, instance:com.ammroth.tests.CampaignsTest@2cb4893b]" started-at="2025-12-03T00:51:11 IST" name="beforeClass" finished-at="2025-12-03T00:51:16 IST" duration-ms="5232" status="PASS">
          <reporter-output>
          </reporter-output>
        </test-method> <!-- beforeClass -->
        <test-method is-config="true" signature="beforeMethod()[pri:0, instance:com.ammroth.tests.CampaignsTest@2cb4893b]" started-at="2025-12-03T00:51:16 IST" name="beforeMethod" finished-at="2025-12-03T00:51:16 IST" duration-ms="1" status="PASS">
          <reporter-output>
          </reporter-output>
        </test-method> <!-- beforeMethod -->
        <test-method signature="login()[pri:1, instance:com.ammroth.tests.CampaignsTest@2cb4893b]" started-at="2025-12-03T00:51:16 IST" name="login" finished-at="2025-12-03T00:51:17 IST" duration-ms="477" status="PASS">
          <reporter-output>
          </reporter-output>
        </test-method> <!-- login -->
        <test-method is-config="true" signature="afterMethod()[pri:0, instance:com.ammroth.tests.CampaignsTest@2cb4893b]" started-at="2025-12-03T00:51:17 IST" name="afterMethod" finished-at="2025-12-03T00:51:17 IST" duration-ms="1" status="PASS">
          <reporter-output>
          </reporter-output>
        </test-method> <!-- afterMethod -->
        <test-method is-config="true" signature="beforeMethod()[pri:0, instance:com.ammroth.tests.CampaignsTest@2cb4893b]" started-at="2025-12-03T00:51:17 IST" name="beforeMethod" finished-at="2025-12-03T00:51:17 IST" duration-ms="0" status="PASS">
          <reporter-output>
          </reporter-output>
        </test-method> <!-- beforeMethod -->
        <test-method signature="addCampaign()[pri:2, instance:com.ammroth.tests.CampaignsTest@2cb4893b]" started-at="2025-12-03T00:51:17 IST" name="addCampaign" finished-at="2025-12-03T00:51:22 IST" duration-ms="5419" status="PASS">
          <reporter-output>
          </reporter-output>
        </test-method> <!-- addCampaign -->
        <test-method is-config="true" signature="afterMethod()[pri:0, instance:com.ammroth.tests.CampaignsTest@2cb4893b]" started-at="2025-12-03T00:51:22 IST" name="afterMethod" finished-at="2025-12-03T00:51:22 IST" duration-ms="2" status="PASS">
          <reporter-output>
          </reporter-output>
        </test-method> <!-- afterMethod -->
        <test-method is-config="true" signature="afterClass()[pri:0, instance:com.ammroth.tests.CampaignsTest@2cb4893b]" started-at="2025-12-03T00:51:22 IST" name="afterClass" finished-at="2025-12-03T00:51:22 IST" duration-ms="260" status="PASS">
          <reporter-output>
          </reporter-output>
        </test-method> <!-- afterClass -->
        <test-method is-config="true" signature="afterTest()[pri:0, instance:com.ammroth.tests.CampaignsTest@2cb4893b]" started-at="2025-12-03T00:51:22 IST" name="afterTest" finished-at="2025-12-03T00:51:22 IST" duration-ms="1" status="PASS">
          <reporter-output>
          </reporter-output>
        </test-method> <!-- afterTest -->
        <test-method is-config="true" signature="afterSuite()[pri:0, instance:com.ammroth.tests.CampaignsTest@2cb4893b]" started-at="2025-12-03T00:51:22 IST" name="afterSuite" finished-at="2025-12-03T00:51:23 IST" duration-ms="634" status="PASS">
          <reporter-output>
          </reporter-output>
        </test-method> <!-- afterSuite -->
      </class> <!-- com.ammroth.tests.CampaignsTest -->
    </test> <!-- Default test -->
  </suite> <!-- Default suite -->
</testng-results>
