<?xml version="1.0" encoding="UTF-8"?>
<testng-results ignored="0" total="2" passed="2" failed="0" skipped="0">
  <reporter-output>
  </reporter-output>
  <suite started-at="2025-12-03T18:25:21 IST" name="Default suite" finished-at="2025-12-03T18:25:34 IST" duration-ms="13053">
    <groups>
    </groups>
    <test started-at="2025-12-03T18:25:21 IST" name="Default test" finished-at="2025-12-03T18:25:34 IST" duration-ms="13053">
      <class name="com.ammroth.tests.CampaignsTest">
        <test-method is-config="true" signature="beforeSuite()[pri:0, instance:com.ammroth.tests.CampaignsTest@2cb4893b]" started-at="2025-12-03T18:25:21 IST" name="beforeSuite" finished-at="2025-12-03T18:25:21 IST" duration-ms="282" status="PASS">
          <reporter-output>
          </reporter-output>
        </test-method> <!-- beforeSuite -->
        <test-method is-config="true" signature="beforeTest()[pri:0, instance:com.ammroth.tests.CampaignsTest@2cb4893b]" started-at="2025-12-03T18:25:21 IST" name="beforeTest" finished-at="2025-12-03T18:25:21 IST" duration-ms="1" status="PASS">
          <reporter-output>
          </reporter-output>
        </test-method> <!-- beforeTest -->
        <test-method is-config="true" signature="beforeClass()[pri:0, instance:com.ammroth.tests.CampaignsTest@2cb4893b]" started-at="2025-12-03T18:25:21 IST" name="beforeClass" finished-at="2025-12-03T18:25:28 IST" duration-ms="6677" status="PASS">
          <reporter-output>
          </reporter-output>
        </test-method> <!-- beforeClass -->
        <test-method is-config="true" signature="beforeMethod()[pri:0, instance:com.ammroth.tests.CampaignsTest@2cb4893b]" started-at="2025-12-03T18:25:28 IST" name="beforeMethod" finished-at="2025-12-03T18:25:28 IST" duration-ms="1" status="PASS">
          <reporter-output>
          </reporter-output>
        </test-method> <!-- beforeMethod -->
        <test-method signature="login()[pri:1, instance:com.ammroth.tests.CampaignsTest@2cb4893b]" started-at="2025-12-03T18:25:28 IST" name="login" finished-at="2025-12-03T18:25:28 IST" duration-ms="457" status="PASS">
          <reporter-output>
          </reporter-output>
        </test-method> <!-- login -->
        <test-method is-config="true" signature="afterMethod()[pri:0, instance:com.ammroth.tests.CampaignsTest@2cb4893b]" started-at="2025-12-03T18:25:28 IST" name="afterMethod" finished-at="2025-12-03T18:25:28 IST" duration-ms="1" status="PASS">
          <reporter-output>
          </reporter-output>
        </test-method> <!-- afterMethod -->
        <test-method is-config="true" signature="beforeMethod()[pri:0, instance:com.ammroth.tests.CampaignsTest@2cb4893b]" started-at="2025-12-03T18:25:28 IST" name="beforeMethod" finished-at="2025-12-03T18:25:28 IST" duration-ms="1" status="PASS">
          <reporter-output>
          </reporter-output>
        </test-method> <!-- beforeMethod -->
        <test-method signature="addCampaign()[pri:2, instance:com.ammroth.tests.CampaignsTest@2cb4893b]" started-at="2025-12-03T18:25:28 IST" name="addCampaign" finished-at="2025-12-03T18:25:34 IST" duration-ms="5506" status="PASS">
          <reporter-output>
          </reporter-output>
        </test-method> <!-- addCampaign -->
        <test-method is-config="true" signature="afterMethod()[pri:0, instance:com.ammroth.tests.CampaignsTest@2cb4893b]" started-at="2025-12-03T18:25:34 IST" name="afterMethod" finished-at="2025-12-03T18:25:34 IST" duration-ms="0" status="PASS">
          <reporter-output>
          </reporter-output>
        </test-method> <!-- afterMethod -->
        <test-method is-config="true" signature="afterClass()[pri:0, instance:com.ammroth.tests.CampaignsTest@2cb4893b]" started-at="2025-12-03T18:25:34 IST" name="afterClass" finished-at="2025-12-03T18:25:34 IST" duration-ms="355" status="PASS">
          <reporter-output>
          </reporter-output>
        </test-method> <!-- afterClass -->
        <test-method is-config="true" signature="afterTest()[pri:0, instance:com.ammroth.tests.CampaignsTest@2cb4893b]" started-at="2025-12-03T18:25:34 IST" name="afterTest" finished-at="2025-12-03T18:25:34 IST" duration-ms="0" status="PASS">
          <reporter-output>
          </reporter-output>
        </test-method> <!-- afterTest -->
        <test-method is-config="true" signature="afterSuite()[pri:0, instance:com.ammroth.tests.CampaignsTest@2cb4893b]" started-at="2025-12-03T18:25:34 IST" name="afterSuite" finished-at="2025-12-03T18:25:35 IST" duration-ms="616" status="PASS">
          <reporter-output>
          </reporter-output>
        </test-method> <!-- afterSuite -->
      </class> <!-- com.ammroth.tests.CampaignsTest -->
    </test> <!-- Default test -->
  </suite> <!-- Default suite -->
</testng-results>
